

*******************************************************************************
Mon Apr 12 20:30:58 2021


FIT:    data read from "SecuencialMejorTeorico.dat" using 1:2
        format = x:z
        #datapoints = 10
        residuals are weighted equally (unit weight)

function used for fitting: C(x)
	C(x) = a
fitted parameters initialized with current variable values

iter      chisq       delta/lim  lambda   a            
   0 4.9000000000e+02   0.00e+00  1.00e+00    1.000000e+00
   5 0.0000000000e+00  -inf       1.00e-05    8.000000e+00

After 5 iterations the fit converged.
final sum of squares of residuals : 0
abs. change during last iteration : -7.88861e-30


Hmmmm.... Sum of squared residuals is zero. Can't compute errors.

Final set of parameters 
======================= 

a               = 8              


*******************************************************************************
Mon Apr 12 20:45:55 2021


FIT:    data read from "SecuencialMejorTeorico.dat" using 1:2
        format = x:z
        #datapoints = 10
        residuals are weighted equally (unit weight)

function used for fitting: C(x)
	C(x) = a
fitted parameters initialized with current variable values

iter      chisq       delta/lim  lambda   a            
   0 4.9000000000e+02   0.00e+00  1.00e+00    1.000000e+00
   5 0.0000000000e+00  -inf       1.00e-05    8.000000e+00

After 5 iterations the fit converged.
final sum of squares of residuals : 0
abs. change during last iteration : -7.88861e-30


Hmmmm.... Sum of squared residuals is zero. Can't compute errors.

Final set of parameters 
======================= 

a               = 8              


*******************************************************************************
Wed Apr 14 16:45:46 2021


FIT:    data read from "SecuencialPeorTeorico.dat" using 1:2
        format = x:z
        #datapoints = 10
        residuals are weighted equally (unit weight)

function used for fitting: N(x)
	N(x) = a*x + b
fitted parameters initialized with current variable values

iter      chisq       delta/lim  lambda   a             b            
   0 9.6635490000e+07   0.00e+00  4.39e+02    1.000000e+00   1.000000e+00
   7 0.0000000000e+00  -inf       4.39e-05    6.000000e+00   8.000000e+00

After 7 iterations the fit converged.
final sum of squares of residuals : 0
abs. change during last iteration : -3.73932e-17


Hmmmm.... Sum of squared residuals is zero. Can't compute errors.

Final set of parameters 
======================= 

a               = 6              
b               = 8              


*******************************************************************************
Wed Apr 14 16:46:03 2021


FIT:    data read from "SecuencialMedioTeorico.dat" using 1:2
        format = x:z
        #datapoints = 10
        residuals are weighted equally (unit weight)

function used for fitting: N(x)
	N(x) = a*x + b
fitted parameters initialized with current variable values

iter      chisq       delta/lim  lambda   a             b            
   0 1.5554490000e+07   0.00e+00  4.39e+02    1.000000e+00   1.000000e+00
   8 0.0000000000e+00  -inf       4.39e-06    3.000000e+00   8.000000e+00

After 8 iterations the fit converged.
final sum of squares of residuals : 0
abs. change during last iteration : -9.85508e-25


Hmmmm.... Sum of squared residuals is zero. Can't compute errors.

Final set of parameters 
======================= 

a               = 3              
b               = 8              


*******************************************************************************
Wed Apr 14 16:46:20 2021


FIT:    data read from "SecuencialMejorTeorico.dat" using 1:2
        format = x:z
        #datapoints = 10
        residuals are weighted equally (unit weight)

function used for fitting: C(x)
	C(x) = a
fitted parameters initialized with current variable values

iter      chisq       delta/lim  lambda   a            
   0 4.9000000000e+02   0.00e+00  1.00e+00    1.000000e+00
   5 0.0000000000e+00  -inf       1.00e-05    8.000000e+00

After 5 iterations the fit converged.
final sum of squares of residuals : 0
abs. change during last iteration : -7.88861e-30


Hmmmm.... Sum of squared residuals is zero. Can't compute errors.

Final set of parameters 
======================= 

a               = 8              


*******************************************************************************
Wed Apr 14 16:50:39 2021


FIT:    data read from "SecuencialPeorTeorico.dat" using 1:2
        format = x:z
        #datapoints = 10
        residuals are weighted equally (unit weight)

function used for fitting: N(x)
	N(x) = a*x + b
fitted parameters initialized with current variable values

iter      chisq       delta/lim  lambda   a             b            
   0 9.6635490000e+07   0.00e+00  4.39e+02    1.000000e+00   1.000000e+00
   7 0.0000000000e+00  -inf       4.39e-05    6.000000e+00   8.000000e+00

After 7 iterations the fit converged.
final sum of squares of residuals : 0
abs. change during last iteration : -3.73932e-17


Hmmmm.... Sum of squared residuals is zero. Can't compute errors.

Final set of parameters 
======================= 

a               = 6              
b               = 8              


*******************************************************************************
Wed Apr 14 17:04:31 2021


FIT:    data read from "SecuencialPeorTeorico.dat" using 1:2
        format = x:z
        #datapoints = 10
        residuals are weighted equally (unit weight)

function used for fitting: N(x)
	N(x) = a*x + b
fitted parameters initialized with current variable values

iter      chisq       delta/lim  lambda   a             b            
   0 9.6635490000e+07   0.00e+00  4.39e+02    1.000000e+00   1.000000e+00
   7 0.0000000000e+00  -inf       4.39e-05    6.000000e+00   8.000000e+00

After 7 iterations the fit converged.
final sum of squares of residuals : 0
abs. change during last iteration : -3.73932e-17


Hmmmm.... Sum of squared residuals is zero. Can't compute errors.

Final set of parameters 
======================= 

a               = 6              
b               = 8              


*******************************************************************************
Wed Apr 14 17:06:51 2021


FIT:    data read from "SecuencialPeorTeorico.dat" using 1:2
        format = x:z
        #datapoints = 10
        residuals are weighted equally (unit weight)

function used for fitting: N(x)
	N(x) = a*x + b
fitted parameters initialized with current variable values

iter      chisq       delta/lim  lambda   a             b            
   0 9.6635490000e+07   0.00e+00  4.39e+02    1.000000e+00   1.000000e+00
   7 0.0000000000e+00  -inf       4.39e-05    6.000000e+00   8.000000e+00

After 7 iterations the fit converged.
final sum of squares of residuals : 0
abs. change during last iteration : -3.73932e-17


Hmmmm.... Sum of squared residuals is zero. Can't compute errors.

Final set of parameters 
======================= 

a               = 6              
b               = 8              


*******************************************************************************
Wed Apr 14 17:07:05 2021


FIT:    data read from "SecuencialMedioTeorico.dat" using 1:2
        format = x:z
        #datapoints = 10
        residuals are weighted equally (unit weight)

function used for fitting: N(x)
	N(x) = a*x + b
fitted parameters initialized with current variable values

iter      chisq       delta/lim  lambda   a             b            
   0 1.5554490000e+07   0.00e+00  4.39e+02    1.000000e+00   1.000000e+00
   8 0.0000000000e+00  -inf       4.39e-06    3.000000e+00   8.000000e+00

After 8 iterations the fit converged.
final sum of squares of residuals : 0
abs. change during last iteration : -9.85508e-25


Hmmmm.... Sum of squared residuals is zero. Can't compute errors.

Final set of parameters 
======================= 

a               = 3              
b               = 8              


*******************************************************************************
Wed Apr 14 17:07:37 2021


FIT:    data read from "SecuencialMejorTeorico.dat" using 1:2
        format = x:z
        #datapoints = 10
        residuals are weighted equally (unit weight)

function used for fitting: C(x)
	C(x) = a
fitted parameters initialized with current variable values

iter      chisq       delta/lim  lambda   a            
   0 4.9000000000e+02   0.00e+00  1.00e+00    1.000000e+00
   5 0.0000000000e+00  -inf       1.00e-05    8.000000e+00

After 5 iterations the fit converged.
final sum of squares of residuals : 0
abs. change during last iteration : -7.88861e-30


Hmmmm.... Sum of squared residuals is zero. Can't compute errors.

Final set of parameters 
======================= 

a               = 8              


*******************************************************************************
Wed Apr 14 17:29:35 2021


FIT:    data read from "SecuencialPeorEmpirico.dat" using 1:2
        format = x:z
        #datapoints = 10
        residuals are weighted equally (unit weight)

function used for fitting: N(x)
	N(x) = a*x + b
fitted parameters initialized with current variable values

iter      chisq       delta/lim  lambda   a             b            
   0 3.8609874870e+06   0.00e+00  4.39e+02    1.000000e+00   1.000000e+00
   7 4.3515151515e-08  -1.75e-06  4.39e-05    2.624242e-06   2.066667e-04

After 7 iterations the fit converged.
final sum of squares of residuals : 4.35152e-08
rel. change during last iteration : -1.75142e-11

degrees of freedom    (FIT_NDF)                        : 8
rms of residuals      (FIT_STDFIT) = sqrt(WSSR/ndf)    : 7.37522e-05
variance of residuals (reduced chisquare) = WSSR/ndf   : 5.43939e-09

Final set of parameters            Asymptotic Standard Error
=======================            ==========================
a               = 2.62424e-06      +/- 8.12e-08     (3.094%)
b               = 0.000206667      +/- 5.038e-05    (24.38%)

correlation matrix of the fit parameters:
                a      b      
a               1.000 
b              -0.886  1.000 


*******************************************************************************
Wed Apr 14 17:29:55 2021


FIT:    data read from "SecuencialMedioEmpirico.dat" using 1:2
        format = x:z
        #datapoints = 10
        residuals are weighted equally (unit weight)

function used for fitting: N(x)
	N(x) = a*x + b
fitted parameters initialized with current variable values

iter      chisq       delta/lim  lambda   a             b            
   0 3.8609504173e+06   0.00e+00  4.39e+02    1.000000e+00   1.000000e+00
   7 4.6266041581e-06  -1.66e-08  4.39e-05    9.941115e-06  -1.549273e-03

After 7 iterations the fit converged.
final sum of squares of residuals : 4.6266e-06
rel. change during last iteration : -1.66236e-13

degrees of freedom    (FIT_NDF)                        : 8
rms of residuals      (FIT_STDFIT) = sqrt(WSSR/ndf)    : 0.000760477
variance of residuals (reduced chisquare) = WSSR/ndf   : 5.78326e-07

Final set of parameters            Asymptotic Standard Error
=======================            ==========================
a               = 9.94112e-06      +/- 8.373e-07    (8.422%)
b               = -0.00154927      +/- 0.0005195    (33.53%)

correlation matrix of the fit parameters:
                a      b      
a               1.000 
b              -0.886  1.000 


*******************************************************************************
Wed Apr 14 17:30:13 2021


FIT:    data read from "SecuencialMejorEmpirico.dat" using 1:2
        format = x:z
        #datapoints = 10
        residuals are weighted equally (unit weight)

function used for fitting: C(x)
	C(x) = a
fitted parameters initialized with current variable values

iter      chisq       delta/lim  lambda   a            
   0 9.9952006800e+00   0.00e+00  1.00e+00    1.000000e+00
   4 1.0400000000e-07  -7.93e-06  1.00e-04    2.400000e-04

After 4 iterations the fit converged.
final sum of squares of residuals : 1.04e-07
rel. change during last iteration : -7.92676e-11

degrees of freedom    (FIT_NDF)                        : 9
rms of residuals      (FIT_STDFIT) = sqrt(WSSR/ndf)    : 0.000107497
variance of residuals (reduced chisquare) = WSSR/ndf   : 1.15556e-08

Final set of parameters            Asymptotic Standard Error
=======================            ==========================
a               = 0.00024          +/- 3.399e-05    (14.16%)


*******************************************************************************
Wed Apr 14 17:30:30 2021


FIT:    data read from "SecuencialMedioEmpirico.dat" using 1:2
        format = x:z
        #datapoints = 10
        residuals are weighted equally (unit weight)

function used for fitting: N(x)
	N(x) = a*x + b
fitted parameters initialized with current variable values

iter      chisq       delta/lim  lambda   a             b            
   0 3.8609440883e+06   0.00e+00  4.39e+02    1.000000e+00   1.000000e+00
   7 1.4762914962e-06  -5.18e-08  4.39e-05    1.035537e-05  -1.264813e-03

After 7 iterations the fit converged.
final sum of squares of residuals : 1.47629e-06
rel. change during last iteration : -5.17959e-13

degrees of freedom    (FIT_NDF)                        : 8
rms of residuals      (FIT_STDFIT) = sqrt(WSSR/ndf)    : 0.000429577
variance of residuals (reduced chisquare) = WSSR/ndf   : 1.84536e-07

Final set of parameters            Asymptotic Standard Error
=======================            ==========================
a               = 1.03554e-05      +/- 4.729e-07    (4.567%)
b               = -0.00126481      +/- 0.0002935    (23.2%)

correlation matrix of the fit parameters:
                a      b      
a               1.000 
b              -0.886  1.000 


*******************************************************************************
Wed Apr 14 17:30:43 2021


FIT:    data read from "SecuencialPeorEmpirico.dat" using 1:2
        format = x:z
        #datapoints = 10
        residuals are weighted equally (unit weight)

function used for fitting: N(x)
	N(x) = a*x + b
fitted parameters initialized with current variable values

iter      chisq       delta/lim  lambda   a             b            
   0 3.8609878678e+06   0.00e+00  4.39e+02    1.000000e+00   1.000000e+00
   7 8.9696969697e-09  -8.50e-06  4.39e-05    2.660606e-06   1.466667e-04

After 7 iterations the fit converged.
final sum of squares of residuals : 8.9697e-09
rel. change during last iteration : -8.49836e-11

degrees of freedom    (FIT_NDF)                        : 8
rms of residuals      (FIT_STDFIT) = sqrt(WSSR/ndf)    : 3.34845e-05
variance of residuals (reduced chisquare) = WSSR/ndf   : 1.12121e-09

Final set of parameters            Asymptotic Standard Error
=======================            ==========================
a               = 2.66061e-06      +/- 3.687e-08    (1.386%)
b               = 0.000146667      +/- 2.287e-05    (15.6%)

correlation matrix of the fit parameters:
                a      b      
a               1.000 
b              -0.886  1.000 
