

*******************************************************************************
Sun Nov 20 18:57:44 2022


FIT:    data read from "DyV.dat" using 1:2
        format = x:z
        #datapoints = 15
        residuals are weighted equally (unit weight)

function used for fitting: xlog(x)
fitted parameters initialized with current variable values



*******************************************************************************
Sun Nov 20 19:00:28 2022


FIT:    data read from "DyV.dat" using 1:2
        format = x:z
        #datapoints = 15
        residuals are weighted equally (unit weight)

function used for fitting: xlog(x)
fitted parameters initialized with current variable values



*******************************************************************************
Sun Nov 20 20:24:49 2022


FIT:    data read from "DyV.dat" using 1:2
        format = x:z
        #datapoints = 15
        residuals are weighted equally (unit weight)

function used for fitting: xlog(x)
fitted parameters initialized with current variable values



*******************************************************************************
Sun Nov 20 20:36:57 2022


FIT:    data read from "DyV.dat" using 1:2
        format = x:z
        #datapoints = 15
        residuals are weighted equally (unit weight)

function used for fitting: xlog(x)
fitted parameters initialized with current variable values



*******************************************************************************
Sun Nov 20 21:14:28 2022


FIT:    data read from "DyV.dat" using 1:2
        format = x:z
        #datapoints = 15
        residuals are weighted equally (unit weight)

function used for fitting: xlog(x)
fitted parameters initialized with current variable values



*******************************************************************************
Sun Nov 20 21:16:51 2022


FIT:    data read from "DyV.dat" using 1:2
        format = x:z
        #datapoints = 15
        residuals are weighted equally (unit weight)

function used for fitting: xlog(x)
fitted parameters initialized with current variable values



*******************************************************************************
Sun Nov 20 21:17:02 2022


FIT:    data read from "DyV.dat" using 1:2
        format = x:z
        #datapoints = 15
        residuals are weighted equally (unit weight)

function used for fitting: NlogN(x)
	NlogN(x) = a*x*(log(x)/log(2)) + b*x +c
fitted parameters initialized with current variable values

iter      chisq       delta/lim  lambda   a             b             c            
   0 1.1653411089e+09   0.00e+00  5.46e+03    1.000000e+00   1.000000e+00   1.000000e+00
   7 4.4090705640e+05  -3.69e-01  5.46e-04    2.271406e+00  -2.233343e+01   9.883158e+02

After 7 iterations the fit converged.
final sum of squares of residuals : 440907
rel. change during last iteration : -3.69106e-06

degrees of freedom    (FIT_NDF)                        : 12
rms of residuals      (FIT_STDFIT) = sqrt(WSSR/ndf)    : 191.683
variance of residuals (reduced chisquare) = WSSR/ndf   : 36742.3

Final set of parameters            Asymptotic Standard Error
=======================            ==========================
a               = 2.27141          +/- 0.2681       (11.8%)
b               = -22.3334         +/- 2.938        (13.16%)
c               = 988.316          +/- 251          (25.4%)

correlation matrix of the fit parameters:
                a      b      c      
a               1.000 
b              -0.999  1.000 
c               0.910 -0.923  1.000 


*******************************************************************************
Sun Nov 20 21:18:03 2022


FIT:    data read from "DyV.dat" using 1:2
        format = x:z
        #datapoints = 15
        residuals are weighted equally (unit weight)

function used for fitting: NlogN(x)
	NlogN(x) = a*x*(log(x)/log(2)) + b*x +c
fitted parameters initialized with current variable values

iter      chisq       delta/lim  lambda   a             b             c            
   0 1.1347266471e+09   0.00e+00  5.34e+03    1.000000e+00   1.000000e+00   1.000000e+00
   7 3.7482187537e+05  -3.21e-01  5.34e-04    2.148017e+00  -2.106149e+01   9.170096e+02

After 7 iterations the fit converged.
final sum of squares of residuals : 374822
rel. change during last iteration : -3.21069e-06

degrees of freedom    (FIT_NDF)                        : 12
rms of residuals      (FIT_STDFIT) = sqrt(WSSR/ndf)    : 176.735
variance of residuals (reduced chisquare) = WSSR/ndf   : 31235.2

Final set of parameters            Asymptotic Standard Error
=======================            ==========================
a               = 2.14802          +/- 0.2521       (11.74%)
b               = -21.0615         +/- 2.756        (13.09%)
c               = 917.01           +/- 231.4        (25.24%)

correlation matrix of the fit parameters:
                a      b      c      
a               1.000 
b              -0.999  1.000 
c               0.910 -0.923  1.000 


*******************************************************************************
Sun Nov 20 21:19:02 2022


FIT:    data read from "Exhaustivo.dat" using 1:2
        format = x:z
        #datapoints = 15
        residuals are weighted equally (unit weight)

function used for fitting: Cubica(x)
	Cubica(x) = a*x*x*x +b*x*x +c*x +d
fitted parameters initialized with current variable values

iter      chisq       delta/lim  lambda   a             b             c             d            
   0 3.0528887146e+19   0.00e+00  7.13e+08    1.000000e+00   1.000000e+00   1.000000e+00   1.000000e+00
  12 8.6136489948e+04  -2.52e-01  7.13e-04    2.054110e-06  -2.011247e-03   1.169103e+00  -1.418637e+02

After 12 iterations the fit converged.
final sum of squares of residuals : 86136.5
rel. change during last iteration : -2.52256e-06

degrees of freedom    (FIT_NDF)                        : 11
rms of residuals      (FIT_STDFIT) = sqrt(WSSR/ndf)    : 88.4906
variance of residuals (reduced chisquare) = WSSR/ndf   : 7830.59

Final set of parameters            Asymptotic Standard Error
=======================            ==========================
a               = 2.05411e-06      +/- 3.697e-07    (18%)
b               = -0.00201125      +/- 0.000898     (44.65%)
c               = 1.1691           +/- 0.6287       (53.77%)
d               = -141.864         +/- 120          (84.6%)

correlation matrix of the fit parameters:
                a      b      c      d      
a               1.000 
b              -0.988  1.000 
c               0.933 -0.975  1.000 
d              -0.754  0.825 -0.916  1.000 


*******************************************************************************
Sun Nov 20 23:17:59 2022


FIT:    data read from "Dijkstra.dat" using 1:2
        format = x:z
        #datapoints = 15
        residuals are weighted equally (unit weight)

function used for fitting: Cuadrada(x)
	Cuadrada(x) = a*x*x + b*x + c
fitted parameters initialized with current variable values

iter      chisq       delta/lim  lambda   a             b             c            
   0 1.7739619128e+13   0.00e+00  6.29e+05    1.000000e+00   1.000000e+00   1.000000e+00
   9 1.2569426167e+05  -8.86e-02  6.29e-04    5.515433e-03  -2.997764e+00   4.101868e+02

After 9 iterations the fit converged.
final sum of squares of residuals : 125694
rel. change during last iteration : -8.85657e-07

degrees of freedom    (FIT_NDF)                        : 12
rms of residuals      (FIT_STDFIT) = sqrt(WSSR/ndf)    : 102.345
variance of residuals (reduced chisquare) = WSSR/ndf   : 10474.5

Final set of parameters            Asymptotic Standard Error
=======================            ==========================
a               = 0.00551543       +/- 0.0001593    (2.889%)
b               = -2.99776         +/- 0.2622       (8.746%)
c               = 410.187          +/- 91.16        (22.22%)

correlation matrix of the fit parameters:
                a      b      c      
a               1.000 
b              -0.972  1.000 
c               0.792 -0.896  1.000 
