

*******************************************************************************
Wed Apr 28 13:32:59 2021


FIT:    data read from "Burbuja.dat" using 1:2
        format = x:z
        #datapoints = 10
        residuals are weighted equally (unit weight)

function used for fitting: Cuadrado(x)
	Cuadrado(x) = a*x*x +b*x + c
fitted parameters initialized with current variable values

iter      chisq       delta/lim  lambda   a             b             c            
   0 2.5393523893e+12   0.00e+00  2.91e+05    1.000000e+00   1.000000e+00   1.000000e+00
   9 7.8724983715e-02  -7.89e-03  2.91e-04    2.847961e-06  -1.088392e-03   1.709370e-01

After 9 iterations the fit converged.
final sum of squares of residuals : 0.078725
rel. change during last iteration : -7.88973e-08

degrees of freedom    (FIT_NDF)                        : 7
rms of residuals      (FIT_STDFIT) = sqrt(WSSR/ndf)    : 0.106049
variance of residuals (reduced chisquare) = WSSR/ndf   : 0.0112464

Final set of parameters            Asymptotic Standard Error
=======================            ==========================
a               = 2.84796e-06      +/- 4.615e-07    (16.21%)
b               = -0.00108839      +/- 0.0005209    (47.86%)
c               = 0.170937         +/- 0.1247       (72.97%)

correlation matrix of the fit parameters:
                a      b      c      
a               1.000 
b              -0.975  1.000 
c               0.814 -0.909  1.000 


*******************************************************************************
Wed Apr 28 13:34:54 2021


FIT:    data read from "Burbuja.dat" using 1:2
        format = x:z
        #datapoints = 10
        residuals are weighted equally (unit weight)

function used for fitting: Cuadrado(x)
	Cuadrado(x) = a*x*x +b*x + c
fitted parameters initialized with current variable values

iter      chisq       delta/lim  lambda   a             b             c            
   0 2.5393523893e+12   0.00e+00  2.91e+05    1.000000e+00   1.000000e+00   1.000000e+00
   9 7.8724983715e-02  -7.89e-03  2.91e-04    2.847961e-06  -1.088392e-03   1.709370e-01

After 9 iterations the fit converged.
final sum of squares of residuals : 0.078725
rel. change during last iteration : -7.88973e-08

degrees of freedom    (FIT_NDF)                        : 7
rms of residuals      (FIT_STDFIT) = sqrt(WSSR/ndf)    : 0.106049
variance of residuals (reduced chisquare) = WSSR/ndf   : 0.0112464

Final set of parameters            Asymptotic Standard Error
=======================            ==========================
a               = 2.84796e-06      +/- 4.615e-07    (16.21%)
b               = -0.00108839      +/- 0.0005209    (47.86%)
c               = 0.170937         +/- 0.1247       (72.97%)

correlation matrix of the fit parameters:
                a      b      c      
a               1.000 
b              -0.975  1.000 
c               0.814 -0.909  1.000 


*******************************************************************************
Wed Apr 28 13:35:47 2021


FIT:    data read from "Burbuja.dat" using 1:2
        format = x:z
        #datapoints = 10
        residuals are weighted equally (unit weight)

function used for fitting: Cuadrado(x)
	Cuadrado(x) = a*x*x +b*x + c
fitted parameters initialized with current variable values

iter      chisq       delta/lim  lambda   a             b             c            
   0 2.5393526329e+12   0.00e+00  2.91e+05    1.000000e+00   1.000000e+00   1.000000e+00
   9 2.9011180505e-02  -3.30e-02  2.91e-04    1.684330e-06   9.946241e-05  -2.832655e-02

After 9 iterations the fit converged.
final sum of squares of residuals : 0.0290112
rel. change during last iteration : -3.2997e-07

degrees of freedom    (FIT_NDF)                        : 7
rms of residuals      (FIT_STDFIT) = sqrt(WSSR/ndf)    : 0.0643774
variance of residuals (reduced chisquare) = WSSR/ndf   : 0.00414445

Final set of parameters            Asymptotic Standard Error
=======================            ==========================
a               = 1.68433e-06      +/- 2.802e-07    (16.63%)
b               = 9.94624e-05      +/- 0.0003162    (317.9%)
c               = -0.0283265       +/- 0.07572      (267.3%)

correlation matrix of the fit parameters:
                a      b      c      
a               1.000 
b              -0.975  1.000 
c               0.814 -0.909  1.000 


*******************************************************************************
Wed Apr 28 13:36:03 2021


FIT:    data read from "Burbuja.dat" using 1:2
        format = x:z
        #datapoints = 10
        residuals are weighted equally (unit weight)

function used for fitting: Cuadrado(x)
	Cuadrado(x) = a*x*x +b*x + c
fitted parameters initialized with current variable values

iter      chisq       delta/lim  lambda   a             b             c            
   0 2.5393526329e+12   0.00e+00  2.91e+05    1.000000e+00   1.000000e+00   1.000000e+00
   9 2.9011180505e-02  -3.30e-02  2.91e-04    1.684330e-06   9.946241e-05  -2.832655e-02

After 9 iterations the fit converged.
final sum of squares of residuals : 0.0290112
rel. change during last iteration : -3.2997e-07

degrees of freedom    (FIT_NDF)                        : 7
rms of residuals      (FIT_STDFIT) = sqrt(WSSR/ndf)    : 0.0643774
variance of residuals (reduced chisquare) = WSSR/ndf   : 0.00414445

Final set of parameters            Asymptotic Standard Error
=======================            ==========================
a               = 1.68433e-06      +/- 2.802e-07    (16.63%)
b               = 9.94624e-05      +/- 0.0003162    (317.9%)
c               = -0.0283265       +/- 0.07572      (267.3%)

correlation matrix of the fit parameters:
                a      b      c      
a               1.000 
b              -0.975  1.000 
c               0.814 -0.909  1.000 


*******************************************************************************
Wed Apr 28 13:38:56 2021


FIT:    data read from "Burbuja.dat" using 1:2
        format = x:z
        #datapoints = 10
        residuals are weighted equally (unit weight)

function used for fitting: Cuadrado(x)
	Cuadrado(x) = a*x*x +b*x + c
fitted parameters initialized with current variable values

iter      chisq       delta/lim  lambda   a             b             c            
   0 2.5393529817e+12   0.00e+00  2.91e+05    1.000000e+00   1.000000e+00   1.000000e+00
   9 3.5881820254e-02  -3.11e-02  2.91e-04    8.541292e-07   8.417305e-04  -1.105365e-01

After 9 iterations the fit converged.
final sum of squares of residuals : 0.0358818
rel. change during last iteration : -3.11321e-07

degrees of freedom    (FIT_NDF)                        : 7
rms of residuals      (FIT_STDFIT) = sqrt(WSSR/ndf)    : 0.0715959
variance of residuals (reduced chisquare) = WSSR/ndf   : 0.00512597

Final set of parameters            Asymptotic Standard Error
=======================            ==========================
a               = 8.54129e-07      +/- 3.116e-07    (36.48%)
b               = 0.000841731      +/- 0.0003517    (41.78%)
c               = -0.110537        +/- 0.08421      (76.18%)

correlation matrix of the fit parameters:
                a      b      c      
a               1.000 
b              -0.975  1.000 
c               0.814 -0.909  1.000 


*******************************************************************************
Fri Apr 30 17:27:38 2021


FIT:    data read from "Burbuja.dat" using 1:2
        format = x:z
        #datapoints = 10
        residuals are weighted equally (unit weight)

function used for fitting: Cuadrado(x)
	Cuadrado(x) = a*x*x +b*x + c
fitted parameters initialized with current variable values

iter      chisq       delta/lim  lambda   a             b             c            
   0 2.5393523458e+12   0.00e+00  2.91e+05    1.000000e+00   1.000000e+00   1.000000e+00
   9 1.2216535012e-01  -7.80e-03  2.91e-04    6.167167e-07   1.037624e-03  -2.577900e-02

After 9 iterations the fit converged.
final sum of squares of residuals : 0.122165
rel. change during last iteration : -7.79707e-08

degrees of freedom    (FIT_NDF)                        : 7
rms of residuals      (FIT_STDFIT) = sqrt(WSSR/ndf)    : 0.132107
variance of residuals (reduced chisquare) = WSSR/ndf   : 0.0174522

Final set of parameters            Asymptotic Standard Error
=======================            ==========================
a               = 6.16717e-07      +/- 5.749e-07    (93.22%)
b               = 0.00103762       +/- 0.0006489    (62.54%)
c               = -0.025779        +/- 0.1554       (602.7%)

correlation matrix of the fit parameters:
                a      b      c      
a               1.000 
b              -0.975  1.000 
c               0.814 -0.909  1.000 


*******************************************************************************
Fri Apr 30 17:27:58 2021


FIT:    data read from "Seleccion.dat" using 1:2
        format = x:z
        #datapoints = 10
        residuals are weighted equally (unit weight)

function used for fitting: Cuadrado(x)
	Cuadrado(x) = a*x*x +b*x + c
fitted parameters initialized with current variable values

iter      chisq       delta/lim  lambda   a             b             c            
   0 2.5393542043e+12   0.00e+00  2.91e+05    1.000000e+00   1.000000e+00   1.000000e+00
   9 3.3152008763e-03  -2.85e-01  2.91e-04    1.269831e-06   1.776910e-04  -2.089598e-02

After 9 iterations the fit converged.
final sum of squares of residuals : 0.0033152
rel. change during last iteration : -2.84582e-06

degrees of freedom    (FIT_NDF)                        : 7
rms of residuals      (FIT_STDFIT) = sqrt(WSSR/ndf)    : 0.0217624
variance of residuals (reduced chisquare) = WSSR/ndf   : 0.0004736

Final set of parameters            Asymptotic Standard Error
=======================            ==========================
a               = 1.26983e-06      +/- 9.471e-08    (7.458%)
b               = 0.000177691      +/- 0.0001069    (60.16%)
c               = -0.020896        +/- 0.0256       (122.5%)

correlation matrix of the fit parameters:
                a      b      c      
a               1.000 
b              -0.975  1.000 
c               0.814 -0.909  1.000 


*******************************************************************************
Fri Apr 30 17:28:07 2021


FIT:    data read from "Insercion.dat" using 1:2
        format = x:z
        #datapoints = 10
        residuals are weighted equally (unit weight)

function used for fitting: Cuadrado(x)
	Cuadrado(x) = a*x*x +b*x + c
fitted parameters initialized with current variable values

iter      chisq       delta/lim  lambda   a             b             c            
   0 2.5393615261e+12   0.00e+00  2.91e+05    1.000000e+00   1.000000e+00   1.000000e+00
  10 2.8911904538e-06  -4.26e-08  2.91e-05    2.875481e-09   1.960254e-06   1.098371e-03

After 10 iterations the fit converged.
final sum of squares of residuals : 2.89119e-06
rel. change during last iteration : -4.25686e-13

degrees of freedom    (FIT_NDF)                        : 7
rms of residuals      (FIT_STDFIT) = sqrt(WSSR/ndf)    : 0.000642672
variance of residuals (reduced chisquare) = WSSR/ndf   : 4.13027e-07

Final set of parameters            Asymptotic Standard Error
=======================            ==========================
a               = 2.87548e-09      +/- 2.797e-09    (97.27%)
b               = 1.96025e-06      +/- 3.157e-06    (161%)
c               = 0.00109837       +/- 0.0007559    (68.82%)

correlation matrix of the fit parameters:
                a      b      c      
a               1.000 
b              -0.975  1.000 
c               0.814 -0.909  1.000 


*******************************************************************************
Tue Jan 11 11:52:17 2022


FIT:    data read from "Burbuja.dat" using 1:2
        format = x:z
        #datapoints = 10
        residuals are weighted equally (unit weight)

function used for fitting: Cuadrado(x)
	Cuadrado(x) = a*x*x +b*x + c
fitted parameters initialized with current variable values

iter      chisq       delta/lim  lambda   a             b             c            
   0 2.5393523458e+12   0.00e+00  2.91e+05    1.000000e+00   1.000000e+00   1.000000e+00
   9 1.2216535012e-01  -7.80e-03  2.91e-04    6.167167e-07   1.037624e-03  -2.577900e-02

After 9 iterations the fit converged.
final sum of squares of residuals : 0.122165
rel. change during last iteration : -7.79707e-08

degrees of freedom    (FIT_NDF)                        : 7
rms of residuals      (FIT_STDFIT) = sqrt(WSSR/ndf)    : 0.132107
variance of residuals (reduced chisquare) = WSSR/ndf   : 0.0174522

Final set of parameters            Asymptotic Standard Error
=======================            ==========================
a               = 6.16717e-07      +/- 5.749e-07    (93.22%)
b               = 0.00103762       +/- 0.0006489    (62.54%)
c               = -0.025779        +/- 0.1554       (602.7%)

correlation matrix of the fit parameters:
                a      b      c      
a               1.000 
b              -0.975  1.000 
c               0.814 -0.909  1.000 


*******************************************************************************
Tue Jan 11 11:52:30 2022


FIT:    data read from "Burbuja.dat" using 1:2
        format = x:z
        #datapoints = 10
        residuals are weighted equally (unit weight)

function used for fitting: Cuadrado(x)
	Cuadrado(x) = a*x*x +b*x + c
fitted parameters initialized with current variable values

iter      chisq       delta/lim  lambda   a             b             c            
   0 2.5393523458e+12   0.00e+00  2.91e+05    1.000000e+00   1.000000e+00   1.000000e+00
   9 1.2216535012e-01  -7.80e-03  2.91e-04    6.167167e-07   1.037624e-03  -2.577900e-02

After 9 iterations the fit converged.
final sum of squares of residuals : 0.122165
rel. change during last iteration : -7.79707e-08

degrees of freedom    (FIT_NDF)                        : 7
rms of residuals      (FIT_STDFIT) = sqrt(WSSR/ndf)    : 0.132107
variance of residuals (reduced chisquare) = WSSR/ndf   : 0.0174522

Final set of parameters            Asymptotic Standard Error
=======================            ==========================
a               = 6.16717e-07      +/- 5.749e-07    (93.22%)
b               = 0.00103762       +/- 0.0006489    (62.54%)
c               = -0.025779        +/- 0.1554       (602.7%)

correlation matrix of the fit parameters:
                a      b      c      
a               1.000 
b              -0.975  1.000 
c               0.814 -0.909  1.000 


*******************************************************************************
Tue Jan 11 11:52:37 2022


FIT:    data read from "Burbuja.dat" using 1:2
        format = x:z
        #datapoints = 10
        residuals are weighted equally (unit weight)

function used for fitting: Cuadrado(x)
	Cuadrado(x) = a*x*x +b*x + c
fitted parameters initialized with current variable values

iter      chisq       delta/lim  lambda   a             b             c            
   0 2.5393523458e+12   0.00e+00  2.91e+05    1.000000e+00   1.000000e+00   1.000000e+00
   9 1.2216535012e-01  -7.80e-03  2.91e-04    6.167167e-07   1.037624e-03  -2.577900e-02

After 9 iterations the fit converged.
final sum of squares of residuals : 0.122165
rel. change during last iteration : -7.79707e-08

degrees of freedom    (FIT_NDF)                        : 7
rms of residuals      (FIT_STDFIT) = sqrt(WSSR/ndf)    : 0.132107
variance of residuals (reduced chisquare) = WSSR/ndf   : 0.0174522

Final set of parameters            Asymptotic Standard Error
=======================            ==========================
a               = 6.16717e-07      +/- 5.749e-07    (93.22%)
b               = 0.00103762       +/- 0.0006489    (62.54%)
c               = -0.025779        +/- 0.1554       (602.7%)

correlation matrix of the fit parameters:
                a      b      c      
a               1.000 
b              -0.975  1.000 
c               0.814 -0.909  1.000 


*******************************************************************************
Tue Jan 11 11:53:55 2022


FIT:    data read from "Burbuja.dat" using 1:2
        format = x:z
        #datapoints = 10
        residuals are weighted equally (unit weight)

function used for fitting: Cuadrado(x)
	Cuadrado(x) = a*x*x +b*x + c
fitted parameters initialized with current variable values

iter      chisq       delta/lim  lambda   a             b             c            
   0 2.5393523458e+12   0.00e+00  2.91e+05    1.000000e+00   1.000000e+00   1.000000e+00
   9 1.2216535012e-01  -7.80e-03  2.91e-04    6.167167e-07   1.037624e-03  -2.577900e-02

After 9 iterations the fit converged.
final sum of squares of residuals : 0.122165
rel. change during last iteration : -7.79707e-08

degrees of freedom    (FIT_NDF)                        : 7
rms of residuals      (FIT_STDFIT) = sqrt(WSSR/ndf)    : 0.132107
variance of residuals (reduced chisquare) = WSSR/ndf   : 0.0174522

Final set of parameters            Asymptotic Standard Error
=======================            ==========================
a               = 6.16717e-07      +/- 5.749e-07    (93.22%)
b               = 0.00103762       +/- 0.0006489    (62.54%)
c               = -0.025779        +/- 0.1554       (602.7%)

correlation matrix of the fit parameters:
                a      b      c      
a               1.000 
b              -0.975  1.000 
c               0.814 -0.909  1.000 


*******************************************************************************
Tue Jan 11 11:55:53 2022


FIT:    data read from "Burbuja.dat" using 1:2
        format = x:z
        #datapoints = 10
        residuals are weighted equally (unit weight)

function used for fitting: Cuadrado(x)
	Cuadrado(x) = a*x*x +b*x + c
fitted parameters initialized with current variable values

iter      chisq       delta/lim  lambda   a             b             c            
   0 2.5393523458e+12   0.00e+00  2.91e+05    1.000000e+00   1.000000e+00   1.000000e+00
   9 1.2216535012e-01  -7.80e-03  2.91e-04    6.167167e-07   1.037624e-03  -2.577900e-02

After 9 iterations the fit converged.
final sum of squares of residuals : 0.122165
rel. change during last iteration : -7.79707e-08

degrees of freedom    (FIT_NDF)                        : 7
rms of residuals      (FIT_STDFIT) = sqrt(WSSR/ndf)    : 0.132107
variance of residuals (reduced chisquare) = WSSR/ndf   : 0.0174522

Final set of parameters            Asymptotic Standard Error
=======================            ==========================
a               = 6.16717e-07      +/- 5.749e-07    (93.22%)
b               = 0.00103762       +/- 0.0006489    (62.54%)
c               = -0.025779        +/- 0.1554       (602.7%)

correlation matrix of the fit parameters:
                a      b      c      
a               1.000 
b              -0.975  1.000 
c               0.814 -0.909  1.000 


*******************************************************************************
Tue Jan 11 12:00:32 2022


FIT:    data read from "Burbuja.dat" using 1:2
        format = x:z
        #datapoints = 10
        residuals are weighted equally (unit weight)

function used for fitting: Cuadrado(x)
	Cuadrado(x) = a*x*x +b*x + c
fitted parameters initialized with current variable values

iter      chisq       delta/lim  lambda   a             b             c            
   0 2.5393523458e+12   0.00e+00  2.91e+05    1.000000e+00   1.000000e+00   1.000000e+00
   9 1.2216535012e-01  -7.80e-03  2.91e-04    6.167167e-07   1.037624e-03  -2.577900e-02

After 9 iterations the fit converged.
final sum of squares of residuals : 0.122165
rel. change during last iteration : -7.79707e-08

degrees of freedom    (FIT_NDF)                        : 7
rms of residuals      (FIT_STDFIT) = sqrt(WSSR/ndf)    : 0.132107
variance of residuals (reduced chisquare) = WSSR/ndf   : 0.0174522

Final set of parameters            Asymptotic Standard Error
=======================            ==========================
a               = 6.16717e-07      +/- 5.749e-07    (93.22%)
b               = 0.00103762       +/- 0.0006489    (62.54%)
c               = -0.025779        +/- 0.1554       (602.7%)

correlation matrix of the fit parameters:
                a      b      c      
a               1.000 
b              -0.975  1.000 
c               0.814 -0.909  1.000 
